# JRE version: OpenJDK Runtime Environment (8.0_242-b01) (build 1.8.0_242-release-1644-b01)
# Java VM: OpenJDK 64-Bit Server VM (25.242-b01 mixed mode windows-amd64 compressed oops)
Heap:
 PSYoungGen      total 74240K, used 24672K [0x00000000d5580000, 0x00000000da880000, 0x0000000100000000)
  eden space 67072K, 27% used [0x00000000d5580000,0x00000000d67942f8,0x00000000d9700000)
  from space 7168K, 85% used [0x00000000d9e80000,0x00000000da483f70,0x00000000da580000)
  to   space 7680K, 0% used [0x00000000d9700000,0x00000000d9700000,0x00000000d9e80000)
 ParOldGen       total 30208K, used 8926K [0x0000000080000000, 0x0000000081d80000, 0x00000000d5580000)
  object space 30208K, 29% used [0x0000000080000000,0x00000000808b7be0,0x0000000081d80000)
 Metaspace       used 31796K, capacity 32524K, committed 32816K, reserved 1077248K
  class space    used 4322K, capacity 4542K, committed 4656K, reserved 1048576K
GC Heap History (10 events):
Event: 14.127 GC heap before
{Heap before GC invocations=9 (full 0):
 PSYoungGen      total 34816K, used 34794K [0x00000000d5580000, 0x00000000d9d80000, 0x0000000100000000)
  eden space 29184K, 100% used [0x00000000d5580000,0x00000000d7200000,0x00000000d7200000)
  from space 5632K, 99% used [0x00000000d7880000,0x00000000d7dfab88,0x00000000d7e00000)
  to   space 6656K, 0% used [0x00000000d7200000,0x00000000d7200000,0x00000000d7880000)
 ParOldGen       total 42496K, used 4926K [0x0000000080000000, 0x0000000082980000, 0x00000000d5580000)
  object space 42496K, 11% used [0x0000000080000000,0x00000000804cf8c8,0x0000000082980000)
 Metaspace       used 19481K, capacity 20066K, committed 20352K, reserved 1067008K
  class space    used 2706K, capacity 2901K, committed 2944K, reserved 1048576K
Event: 14.142 GC heap after
Heap after GC invocations=9 (full 0):
 PSYoungGen      total 35840K, used 5156K [0x00000000d5580000, 0x00000000d9180000, 0x0000000100000000)
  eden space 29184K, 0% used [0x00000000d5580000,0x00000000d5580000,0x00000000d7200000)
  from space 6656K, 77% used [0x00000000d7200000,0x00000000d7709318,0x00000000d7880000)
  to   space 7168K, 0% used [0x00000000d8a80000,0x00000000d8a80000,0x00000000d9180000)
 ParOldGen       total 42496K, used 6174K [0x0000000080000000, 0x0000000082980000, 0x00000000d5580000)
  object space 42496K, 14% used [0x0000000080000000,0x00000000806078e8,0x0000000082980000)
 Metaspace       used 19481K, capacity 20066K, committed 20352K, reserved 1067008K
  class space    used 2706K, capacity 2901K, committed 2944K, reserved 1048576K
}
Event: 16.146 GC heap before
{Heap before GC invocations=10 (full 0):
 PSYoungGen      total 35840K, used 18447K [0x00000000d5580000, 0x00000000d9180000, 0x0000000100000000)
  eden space 29184K, 45% used [0x00000000d5580000,0x00000000d627acb0,0x00000000d7200000)
  from space 6656K, 77% used [0x00000000d7200000,0x00000000d7709318,0x00000000d7880000)
  to   space 7168K, 0% used [0x00000000d8a80000,0x00000000d8a80000,0x00000000d9180000)
 ParOldGen       total 42496K, used 6174K [0x0000000080000000, 0x0000000082980000, 0x00000000d5580000)
  object space 42496K, 14% used [0x0000000080000000,0x00000000806078e8,0x0000000082980000)
 Metaspace       used 20572K, capacity 21228K, committed 21296K, reserved 1067008K
  class space    used 2873K, capacity 3084K, committed 3120K, reserved 1048576K
Event: 16.209 GC heap after
Heap after GC invocations=10 (full 0):
 PSYoungGen      total 54272K, used 2358K [0x00000000d5580000, 0x00000000d9180000, 0x0000000100000000)
  eden space 47104K, 0% used [0x00000000d5580000,0x00000000d5580000,0x00000000d8380000)
  from space 7168K, 32% used [0x00000000d8a80000,0x00000000d8ccd940,0x00000000d9180000)
  to   space 7168K, 0% used [0x00000000d8380000,0x00000000d8380000,0x00000000d8a80000)
 ParOldGen       total 42496K, used 8112K [0x0000000080000000, 0x0000000082980000, 0x00000000d5580000)
  object space 42496K, 19% used [0x0000000080000000,0x00000000807ec1d0,0x0000000082980000)
 Metaspace       used 20572K, capacity 21228K, committed 21296K, reserved 1067008K
  class space    used 2873K, capacity 3084K, committed 3120K, reserved 1048576K
}
Event: 16.209 GC heap before
{Heap before GC invocations=11 (full 1):
 PSYoungGen      total 54272K, used 2358K [0x00000000d5580000, 0x00000000d9180000, 0x0000000100000000)
  eden space 47104K, 0% used [0x00000000d5580000,0x00000000d5580000,0x00000000d8380000)
  from space 7168K, 32% used [0x00000000d8a80000,0x00000000d8ccd940,0x00000000d9180000)
  to   space 7168K, 0% used [0x00000000d8380000,0x00000000d8380000,0x00000000d8a80000)
 ParOldGen       total 42496K, used 8112K [0x0000000080000000, 0x0000000082980000, 0x00000000d5580000)
  object space 42496K, 19% used [0x0000000080000000,0x00000000807ec1d0,0x0000000082980000)
 Metaspace       used 20572K, capacity 21228K, committed 21296K, reserved 1067008K
  class space    used 2873K, capacity 3084K, committed 3120K, reserved 1048576K
Event: 16.328 GC heap after
Heap after GC invocations=11 (full 1):
 PSYoungGen      total 54272K, used 0K [0x00000000d5580000, 0x00000000d9180000, 0x0000000100000000)
  eden space 47104K, 0% used [0x00000000d5580000,0x00000000d5580000,0x00000000d8380000)
  from space 7168K, 0% used [0x00000000d8a80000,0x00000000d8a80000,0x00000000d9180000)
  to   space 7168K, 0% used [0x00000000d8380000,0x00000000d8380000,0x00000000d8a80000)
 ParOldGen       total 30208K, used 7757K [0x0000000080000000, 0x0000000081d80000, 0x00000000d5580000)
  object space 30208K, 25% used [0x0000000080000000,0x00000000807934b0,0x0000000081d80000)
 Metaspace       used 20572K, capacity 21228K, committed 21296K, reserved 1067008K
  class space    used 2873K, capacity 3084K, committed 3120K, reserved 1048576K
}
Event: 18.737 GC heap before
{Heap before GC invocations=12 (full 1):
 PSYoungGen      total 54272K, used 47104K [0x00000000d5580000, 0x00000000d9180000, 0x0000000100000000)
  eden space 47104K, 100% used [0x00000000d5580000,0x00000000d8380000,0x00000000d8380000)
  from space 7168K, 0% used [0x00000000d8a80000,0x00000000d8a80000,0x00000000d9180000)
  to   space 7168K, 0% used [0x00000000d8380000,0x00000000d8380000,0x00000000d8a80000)
 ParOldGen       total 30208K, used 7757K [0x0000000080000000, 0x0000000081d80000, 0x00000000d5580000)
  object space 30208K, 25% used [0x0000000080000000,0x00000000807934b0,0x0000000081d80000)
 Metaspace       used 24215K, capacity 24860K, committed 25008K, reserved 1071104K
  class space    used 3447K, capacity 3674K, committed 3760K, reserved 1048576K
Event: 18.749 GC heap after
Heap after GC invocations=12 (full 1):
 PSYoungGen      total 54272K, used 4629K [0x00000000d5580000, 0x00000000da580000, 0x0000000100000000)
  eden space 47104K, 0% used [0x00000000d5580000,0x00000000d5580000,0x00000000d8380000)
  from space 7168K, 64% used [0x00000000d8380000,0x00000000d8805648,0x00000000d8a80000)
  to   space 7168K, 0% used [0x00000000d9e80000,0x00000000d9e80000,0x00000000da580000)
 ParOldGen       total 30208K, used 7765K [0x0000000080000000, 0x0000000081d80000, 0x00000000d5580000)
  object space 30208K, 25% used [0x0000000080000000,0x00000000807954b0,0x0000000081d80000)
 Metaspace       used 24215K, capacity 24860K, committed 25008K, reserved 1071104K
  class space    used 3447K, capacity 3674K, committed 3760K, reserved 1048576K
}
Event: 20.360 GC heap before
{Heap before GC invocations=13 (full 1):
 PSYoungGen      total 54272K, used 51733K [0x00000000d5580000, 0x00000000da580000, 0x0000000100000000)
  eden space 47104K, 100% used [0x00000000d5580000,0x00000000d8380000,0x00000000d8380000)
  from space 7168K, 64% used [0x00000000d8380000,0x00000000d8805648,0x00000000d8a80000)
  to   space 7168K, 0% used [0x00000000d9e80000,0x00000000d9e80000,0x00000000da580000)
 ParOldGen       total 30208K, used 7765K [0x0000000080000000, 0x0000000081d80000, 0x00000000d5580000)
  object space 30208K, 25% used [0x0000000080000000,0x00000000807954b0,0x0000000081d80000)
 Metaspace       used 30674K, capacity 31422K, committed 31536K, reserved 1077248K
  class space    used 4156K, capacity 4396K, committed 4400K, reserved 1048576K
Event: 20.439 GC heap after
Heap after GC invocations=13 (full 1):
 PSYoungGen      total 74240K, used 6159K [0x00000000d5580000, 0x00000000da880000, 0x0000000100000000)
  eden space 67072K, 0% used [0x00000000d5580000,0x00000000d5580000,0x00000000d9700000)
  from space 7168K, 85% used [0x00000000d9e80000,0x00000000da483f70,0x00000000da580000)
  to   space 7680K, 0% used [0x00000000d9700000,0x00000000d9700000,0x00000000d9e80000)
 ParOldGen       total 30208K, used 8926K [0x0000000080000000, 0x0000000081d80000, 0x00000000d5580000)
  object space 30208K, 29% used [0x0000000080000000,0x00000000808b7be0,0x0000000081d80000)
 Metaspace       used 30674K, capacity 31422K, committed 31536K, reserved 1077248K
  class space    used 4156K, capacity 4396K, committed 4400K, reserved 1048576K
}

