# JRE version: OpenJDK Runtime Environment (8.0_242-b01) (build 1.8.0_242-release-1644-b01)
# Java VM: OpenJDK 64-Bit Server VM (25.242-b01 mixed mode windows-amd64 compressed oops)
Heap:
 PSYoungGen      total 100864K, used 41380K [0x00000000d5580000, 0x00000000dc900000, 0x0000000100000000)
  eden space 91648K, 35% used [0x00000000d5580000,0x00000000d74ea730,0x00000000daf00000)
  from space 9216K, 99% used [0x00000000dbb00000,0x00000000dc3fea60,0x00000000dc400000)
  to   space 12288K, 0% used [0x00000000daf00000,0x00000000daf00000,0x00000000dbb00000)
 ParOldGen       total 52736K, used 19946K [0x0000000080000000, 0x0000000083380000, 0x00000000d5580000)
  object space 52736K, 37% used [0x0000000080000000,0x000000008137a9f8,0x0000000083380000)
 Metaspace       used 50405K, capacity 52046K, committed 52272K, reserved 1093632K
  class space    used 6728K, capacity 7126K, committed 7216K, reserved 1048576K
GC Heap History (10 events):
Event: 46.964 GC heap before
{Heap before GC invocations=14 (full 1):
 PSYoungGen      total 60928K, used 57205K [0x00000000d5580000, 0x00000000d9e80000, 0x0000000100000000)
  eden space 53248K, 100% used [0x00000000d5580000,0x00000000d8980000,0x00000000d8980000)
  from space 7680K, 51% used [0x00000000d9100000,0x00000000d94dd7a8,0x00000000d9880000)
  to   space 7680K, 0% used [0x00000000d8980000,0x00000000d8980000,0x00000000d9100000)
 ParOldGen       total 35328K, used 13013K [0x0000000080000000, 0x0000000082280000, 0x00000000d5580000)
  object space 35328K, 36% used [0x0000000080000000,0x0000000080cb57d8,0x0000000082280000)
 Metaspace       used 34056K, capacity 34882K, committed 35120K, reserved 1079296K
  class space    used 4667K, capacity 4892K, committed 4912K, reserved 1048576K
Event: 47.924 GC heap after
Heap after GC invocations=14 (full 1):
 PSYoungGen      total 60928K, used 3563K [0x00000000d5580000, 0x00000000db080000, 0x0000000100000000)
  eden space 53248K, 0% used [0x00000000d5580000,0x00000000d5580000,0x00000000d8980000)
  from space 7680K, 46% used [0x00000000d8980000,0x00000000d8cfad48,0x00000000d9100000)
  to   space 7168K, 0% used [0x00000000da980000,0x00000000da980000,0x00000000db080000)
 ParOldGen       total 35328K, used 14485K [0x0000000080000000, 0x0000000082280000, 0x00000000d5580000)
  object space 35328K, 41% used [0x0000000080000000,0x0000000080e257d8,0x0000000082280000)
 Metaspace       used 34056K, capacity 34882K, committed 35120K, reserved 1079296K
  class space    used 4667K, capacity 4892K, committed 4912K, reserved 1048576K
}
Event: 51.000 GC heap before
{Heap before GC invocations=15 (full 1):
 PSYoungGen      total 60928K, used 12950K [0x00000000d5580000, 0x00000000db080000, 0x0000000100000000)
  eden space 53248K, 17% used [0x00000000d5580000,0x00000000d5eaad40,0x00000000d8980000)
  from space 7680K, 46% used [0x00000000d8980000,0x00000000d8cfad48,0x00000000d9100000)
  to   space 7168K, 0% used [0x00000000da980000,0x00000000da980000,0x00000000db080000)
 ParOldGen       total 35328K, used 14485K [0x0000000080000000, 0x0000000082280000, 0x00000000d5580000)
  object space 35328K, 41% used [0x0000000080000000,0x0000000080e257d8,0x0000000082280000)
 Metaspace       used 34553K, capacity 35398K, committed 35496K, reserved 1079296K
  class space    used 4736K, capacity 4970K, committed 5040K, reserved 1048576K
Event: 51.008 GC heap after
Heap after GC invocations=15 (full 1):
 PSYoungGen      total 83968K, used 714K [0x00000000d5580000, 0x00000000db000000, 0x0000000100000000)
  eden space 77312K, 0% used [0x00000000d5580000,0x00000000d5580000,0x00000000da100000)
  from space 6656K, 10% used [0x00000000da980000,0x00000000daa329a0,0x00000000db000000)
  to   space 7680K, 0% used [0x00000000da100000,0x00000000da100000,0x00000000da880000)
 ParOldGen       total 35328K, used 15809K [0x0000000080000000, 0x0000000082280000, 0x00000000d5580000)
  object space 35328K, 44% used [0x0000000080000000,0x0000000080f707f8,0x0000000082280000)
 Metaspace       used 34553K, capacity 35398K, committed 35496K, reserved 1079296K
  class space    used 4736K, capacity 4970K, committed 5040K, reserved 1048576K
}
Event: 51.015 GC heap before
{Heap before GC invocations=16 (full 2):
 PSYoungGen      total 83968K, used 714K [0x00000000d5580000, 0x00000000db000000, 0x0000000100000000)
  eden space 77312K, 0% used [0x00000000d5580000,0x00000000d5580000,0x00000000da100000)
  from space 6656K, 10% used [0x00000000da980000,0x00000000daa329a0,0x00000000db000000)
  to   space 7680K, 0% used [0x00000000da100000,0x00000000da100000,0x00000000da880000)
 ParOldGen       total 35328K, used 15809K [0x0000000080000000, 0x0000000082280000, 0x00000000d5580000)
  object space 35328K, 44% used [0x0000000080000000,0x0000000080f707f8,0x0000000082280000)
 Metaspace       used 34553K, capacity 35398K, committed 35496K, reserved 1079296K
  class space    used 4736K, capacity 4970K, committed 5040K, reserved 1048576K
Event: 53.481 GC heap after
Heap after GC invocations=16 (full 2):
 PSYoungGen      total 83968K, used 0K [0x00000000d5580000, 0x00000000db000000, 0x0000000100000000)
  eden space 77312K, 0% used [0x00000000d5580000,0x00000000d5580000,0x00000000da100000)
  from space 6656K, 0% used [0x00000000da980000,0x00000000da980000,0x00000000db000000)
  to   space 7680K, 0% used [0x00000000da100000,0x00000000da100000,0x00000000da880000)
 ParOldGen       total 52736K, used 13503K [0x0000000080000000, 0x0000000083380000, 0x00000000d5580000)
  object space 52736K, 25% used [0x0000000080000000,0x0000000080d2fdb0,0x0000000083380000)
 Metaspace       used 34553K, capacity 35398K, committed 35496K, reserved 1079296K
  class space    used 4736K, capacity 4970K, committed 5040K, reserved 1048576K
}
Event: 66.557 GC heap before
{Heap before GC invocations=17 (full 2):
 PSYoungGen      total 83968K, used 77312K [0x00000000d5580000, 0x00000000db000000, 0x0000000100000000)
  eden space 77312K, 100% used [0x00000000d5580000,0x00000000da100000,0x00000000da100000)
  from space 6656K, 0% used [0x00000000da980000,0x00000000da980000,0x00000000db000000)
  to   space 7680K, 0% used [0x00000000da100000,0x00000000da100000,0x00000000da880000)
 ParOldGen       total 52736K, used 13503K [0x0000000080000000, 0x0000000083380000, 0x00000000d5580000)
  object space 52736K, 25% used [0x0000000080000000,0x0000000080d2fdb0,0x0000000083380000)
 Metaspace       used 41162K, capacity 42412K, committed 42544K, reserved 1085440K
  class space    used 5575K, capacity 5884K, committed 5936K, reserved 1048576K
Event: 66.639 GC heap after
Heap after GC invocations=17 (full 2):
 PSYoungGen      total 84992K, used 7656K [0x00000000d5580000, 0x00000000dc400000, 0x0000000100000000)
  eden space 77312K, 0% used [0x00000000d5580000,0x00000000d5580000,0x00000000da100000)
  from space 7680K, 99% used [0x00000000da100000,0x00000000da87a0e0,0x00000000da880000)
  to   space 9216K, 0% used [0x00000000dbb00000,0x00000000dbb00000,0x00000000dc400000)
 ParOldGen       total 52736K, used 14994K [0x0000000080000000, 0x0000000083380000, 0x00000000d5580000)
  object space 52736K, 28% used [0x0000000080000000,0x0000000080ea4958,0x0000000083380000)
 Metaspace       used 41162K, capacity 42412K, committed 42544K, reserved 1085440K
  class space    used 5575K, capacity 5884K, committed 5936K, reserved 1048576K
}
Event: 71.573 GC heap before
{Heap before GC invocations=18 (full 2):
 PSYoungGen      total 84992K, used 84968K [0x00000000d5580000, 0x00000000dc400000, 0x0000000100000000)
  eden space 77312K, 100% used [0x00000000d5580000,0x00000000da100000,0x00000000da100000)
  from space 7680K, 99% used [0x00000000da100000,0x00000000da87a0e0,0x00000000da880000)
  to   space 9216K, 0% used [0x00000000dbb00000,0x00000000dbb00000,0x00000000dc400000)
 ParOldGen       total 52736K, used 14994K [0x0000000080000000, 0x0000000083380000, 0x00000000d5580000)
  object space 52736K, 28% used [0x0000000080000000,0x0000000080ea4958,0x0000000083380000)
 Metaspace       used 47589K, capacity 49118K, committed 49328K, reserved 1091584K
  class space    used 6390K, capacity 6765K, committed 6832K, reserved 1048576K
Event: 71.646 GC heap after
Heap after GC invocations=18 (full 2):
 PSYoungGen      total 100864K, used 9210K [0x00000000d5580000, 0x00000000dc900000, 0x0000000100000000)
  eden space 91648K, 0% used [0x00000000d5580000,0x00000000d5580000,0x00000000daf00000)
  from space 9216K, 99% used [0x00000000dbb00000,0x00000000dc3fea60,0x00000000dc400000)
  to   space 12288K, 0% used [0x00000000daf00000,0x00000000daf00000,0x00000000dbb00000)
 ParOldGen       total 52736K, used 19946K [0x0000000080000000, 0x0000000083380000, 0x00000000d5580000)
  object space 52736K, 37% used [0x0000000080000000,0x000000008137a9f8,0x0000000083380000)
 Metaspace       used 47589K, capacity 49118K, committed 49328K, reserved 1091584K
  class space    used 6390K, capacity 6765K, committed 6832K, reserved 1048576K
}

