# JRE version: OpenJDK Runtime Environment (8.0_242-b01) (build 1.8.0_242-release-1644-b01)
# Java VM: OpenJDK 64-Bit Server VM (25.242-b01 mixed mode windows-amd64 compressed oops)
Heap:
 PSYoungGen      total 134144K, used 63069K [0x00000000d5580000, 0x00000000de180000, 0x0000000100000000)
  eden space 124928K, 43% used [0x00000000d5580000,0x00000000d8a17d48,0x00000000dcf80000)
  from space 9216K, 99% used [0x00000000dcf80000,0x00000000dd87f7c8,0x00000000dd880000)
  to   space 8704K, 0% used [0x00000000dd900000,0x00000000dd900000,0x00000000de180000)
 ParOldGen       total 50688K, used 20950K [0x0000000080000000, 0x0000000083180000, 0x00000000d5580000)
  object space 50688K, 41% used [0x0000000080000000,0x0000000081475928,0x0000000083180000)
 Metaspace       used 49495K, capacity 51192K, committed 51368K, reserved 1093632K
  class space    used 6606K, capacity 7031K, committed 7088K, reserved 1048576K
GC Heap History (10 events):
Event: 42.938 GC heap before
{Heap before GC invocations=9 (full 1):
 PSYoungGen      total 133632K, used 4661K [0x00000000d5580000, 0x00000000de180000, 0x0000000100000000)
  eden space 124928K, 0% used [0x00000000d5580000,0x00000000d5580000,0x00000000dcf80000)
  from space 8704K, 53% used [0x00000000dd900000,0x00000000ddd8d4a8,0x00000000de180000)
  to   space 9216K, 0% used [0x00000000dcf80000,0x00000000dcf80000,0x00000000dd880000)
 ParOldGen       total 42496K, used 8615K [0x0000000080000000, 0x0000000082980000, 0x00000000d5580000)
  object space 42496K, 20% used [0x0000000080000000,0x0000000080869e40,0x0000000082980000)
 Metaspace       used 20582K, capacity 21208K, committed 21296K, reserved 1067008K
  class space    used 2879K, capacity 3084K, committed 3120K, reserved 1048576K
Event: 43.188 GC heap after
Heap after GC invocations=9 (full 1):
 PSYoungGen      total 133632K, used 0K [0x00000000d5580000, 0x00000000de180000, 0x0000000100000000)
  eden space 124928K, 0% used [0x00000000d5580000,0x00000000d5580000,0x00000000dcf80000)
  from space 8704K, 0% used [0x00000000dd900000,0x00000000dd900000,0x00000000de180000)
  to   space 9216K, 0% used [0x00000000dcf80000,0x00000000dcf80000,0x00000000dd880000)
 ParOldGen       total 32768K, used 9135K [0x0000000080000000, 0x0000000082000000, 0x00000000d5580000)
  object space 32768K, 27% used [0x0000000080000000,0x00000000808ebd10,0x0000000082000000)
 Metaspace       used 20582K, capacity 21208K, committed 21296K, reserved 1067008K
  class space    used 2879K, capacity 3084K, committed 3120K, reserved 1048576K
}
Event: 56.563 GC heap before
{Heap before GC invocations=10 (full 1):
 PSYoungGen      total 133632K, used 124928K [0x00000000d5580000, 0x00000000de180000, 0x0000000100000000)
  eden space 124928K, 100% used [0x00000000d5580000,0x00000000dcf80000,0x00000000dcf80000)
  from space 8704K, 0% used [0x00000000dd900000,0x00000000dd900000,0x00000000de180000)
  to   space 9216K, 0% used [0x00000000dcf80000,0x00000000dcf80000,0x00000000dd880000)
 ParOldGen       total 32768K, used 9135K [0x0000000080000000, 0x0000000082000000, 0x00000000d5580000)
  object space 32768K, 27% used [0x0000000080000000,0x00000000808ebd10,0x0000000082000000)
 Metaspace       used 31971K, capacity 32732K, committed 33072K, reserved 1077248K
  class space    used 4346K, capacity 4574K, committed 4656K, reserved 1048576K
Event: 56.964 GC heap after
Heap after GC invocations=10 (full 1):
 PSYoungGen      total 134144K, used 9198K [0x00000000d5580000, 0x00000000de180000, 0x0000000100000000)
  eden space 124928K, 0% used [0x00000000d5580000,0x00000000d5580000,0x00000000dcf80000)
  from space 9216K, 99% used [0x00000000dcf80000,0x00000000dd87ba10,0x00000000dd880000)
  to   space 8704K, 0% used [0x00000000dd900000,0x00000000dd900000,0x00000000de180000)
 ParOldGen       total 32768K, used 12958K [0x0000000080000000, 0x0000000082000000, 0x00000000d5580000)
  object space 32768K, 39% used [0x0000000080000000,0x0000000080ca7b30,0x0000000082000000)
 Metaspace       used 31971K, capacity 32732K, committed 33072K, reserved 1077248K
  class space    used 4346K, capacity 4574K, committed 4656K, reserved 1048576K
}
Event: 61.284 GC heap before
{Heap before GC invocations=11 (full 1):
 PSYoungGen      total 134144K, used 60144K [0x00000000d5580000, 0x00000000de180000, 0x0000000100000000)
  eden space 124928K, 40% used [0x00000000d5580000,0x00000000d8740688,0x00000000dcf80000)
  from space 9216K, 99% used [0x00000000dcf80000,0x00000000dd87ba10,0x00000000dd880000)
  to   space 8704K, 0% used [0x00000000dd900000,0x00000000dd900000,0x00000000de180000)
 ParOldGen       total 32768K, used 12958K [0x0000000080000000, 0x0000000082000000, 0x00000000d5580000)
  object space 32768K, 39% used [0x0000000080000000,0x0000000080ca7b30,0x0000000082000000)
 Metaspace       used 34524K, capacity 35382K, committed 35496K, reserved 1079296K
  class space    used 4729K, capacity 4970K, committed 5040K, reserved 1048576K
Event: 61.361 GC heap after
Heap after GC invocations=11 (full 1):
 PSYoungGen      total 133632K, used 8689K [0x00000000d5580000, 0x00000000de180000, 0x0000000100000000)
  eden space 124928K, 0% used [0x00000000d5580000,0x00000000d5580000,0x00000000dcf80000)
  from space 8704K, 99% used [0x00000000dd900000,0x00000000de17c4a8,0x00000000de180000)
  to   space 9216K, 0% used [0x00000000dcf80000,0x00000000dcf80000,0x00000000dd880000)
 ParOldGen       total 32768K, used 13223K [0x0000000080000000, 0x0000000082000000, 0x00000000d5580000)
  object space 32768K, 40% used [0x0000000080000000,0x0000000080ce9f60,0x0000000082000000)
 Metaspace       used 34524K, capacity 35382K, committed 35496K, reserved 1079296K
  class space    used 4729K, capacity 4970K, committed 5040K, reserved 1048576K
}
Event: 61.362 GC heap before
{Heap before GC invocations=12 (full 2):
 PSYoungGen      total 133632K, used 8689K [0x00000000d5580000, 0x00000000de180000, 0x0000000100000000)
  eden space 124928K, 0% used [0x00000000d5580000,0x00000000d5580000,0x00000000dcf80000)
  from space 8704K, 99% used [0x00000000dd900000,0x00000000de17c4a8,0x00000000de180000)
  to   space 9216K, 0% used [0x00000000dcf80000,0x00000000dcf80000,0x00000000dd880000)
 ParOldGen       total 32768K, used 13223K [0x0000000080000000, 0x0000000082000000, 0x00000000d5580000)
  object space 32768K, 40% used [0x0000000080000000,0x0000000080ce9f60,0x0000000082000000)
 Metaspace       used 34524K, capacity 35382K, committed 35496K, reserved 1079296K
  class space    used 4729K, capacity 4970K, committed 5040K, reserved 1048576K
Event: 62.138 GC heap after
Heap after GC invocations=12 (full 2):
 PSYoungGen      total 133632K, used 0K [0x00000000d5580000, 0x00000000de180000, 0x0000000100000000)
  eden space 124928K, 0% used [0x00000000d5580000,0x00000000d5580000,0x00000000dcf80000)
  from space 8704K, 0% used [0x00000000dd900000,0x00000000dd900000,0x00000000de180000)
  to   space 9216K, 0% used [0x00000000dcf80000,0x00000000dcf80000,0x00000000dd880000)
 ParOldGen       total 50688K, used 15437K [0x0000000080000000, 0x0000000083180000, 0x00000000d5580000)
  object space 50688K, 30% used [0x0000000080000000,0x0000000080f13740,0x0000000083180000)
 Metaspace       used 34524K, capacity 35382K, committed 35496K, reserved 1079296K
  class space    used 4729K, capacity 4970K, committed 5040K, reserved 1048576K
}
Event: 69.177 GC heap before
{Heap before GC invocations=13 (full 2):
 PSYoungGen      total 133632K, used 124928K [0x00000000d5580000, 0x00000000de180000, 0x0000000100000000)
  eden space 124928K, 100% used [0x00000000d5580000,0x00000000dcf80000,0x00000000dcf80000)
  from space 8704K, 0% used [0x00000000dd900000,0x00000000dd900000,0x00000000de180000)
  to   space 9216K, 0% used [0x00000000dcf80000,0x00000000dcf80000,0x00000000dd880000)
 ParOldGen       total 50688K, used 15437K [0x0000000080000000, 0x0000000083180000, 0x00000000d5580000)
  object space 50688K, 30% used [0x0000000080000000,0x0000000080f13740,0x0000000083180000)
 Metaspace       used 44915K, capacity 46416K, committed 46632K, reserved 1089536K
  class space    used 6065K, capacity 6412K, committed 6448K, reserved 1048576K
Event: 69.418 GC heap after
Heap after GC invocations=13 (full 2):
 PSYoungGen      total 134144K, used 9213K [0x00000000d5580000, 0x00000000de180000, 0x0000000100000000)
  eden space 124928K, 0% used [0x00000000d5580000,0x00000000d5580000,0x00000000dcf80000)
  from space 9216K, 99% used [0x00000000dcf80000,0x00000000dd87f7c8,0x00000000dd880000)
  to   space 8704K, 0% used [0x00000000dd900000,0x00000000dd900000,0x00000000de180000)
 ParOldGen       total 50688K, used 20950K [0x0000000080000000, 0x0000000083180000, 0x00000000d5580000)
  object space 50688K, 41% used [0x0000000080000000,0x0000000081475928,0x0000000083180000)
 Metaspace       used 44915K, capacity 46416K, committed 46632K, reserved 1089536K
  class space    used 6065K, capacity 6412K, committed 6448K, reserved 1048576K
}

