# JRE version: OpenJDK Runtime Environment (8.0_242-b01) (build 1.8.0_242-release-1644-b01)
# Java VM: OpenJDK 64-Bit Server VM (25.242-b01 mixed mode windows-amd64 compressed oops)
Heap:
 PSYoungGen      total 59392K, used 11520K [0x00000000d5580000, 0x00000000da680000, 0x0000000100000000)
  eden space 46592K, 5% used [0x00000000d5580000,0x00000000d5834c98,0x00000000d8300000)
  from space 12800K, 68% used [0x00000000d8300000,0x00000000d8b8b6b8,0x00000000d8f80000)
  to   space 13312K, 0% used [0x00000000d9980000,0x00000000d9980000,0x00000000da680000)
 ParOldGen       total 55296K, used 27314K [0x0000000080000000, 0x0000000083600000, 0x00000000d5580000)
  object space 55296K, 49% used [0x0000000080000000,0x0000000081aacb98,0x0000000083600000)
 Metaspace       used 53568K, capacity 55458K, committed 55600K, reserved 1097728K
  class space    used 7264K, capacity 7692K, committed 7728K, reserved 1048576K
GC Heap History (10 events):
Event: 62.587 GC heap before
{Heap before GC invocations=23 (full 2):
 PSYoungGen      total 45056K, used 39424K [0x00000000d5580000, 0x00000000d8880000, 0x0000000100000000)
  eden space 39424K, 100% used [0x00000000d5580000,0x00000000d7c00000,0x00000000d7c00000)
  from space 5632K, 0% used [0x00000000d8200000,0x00000000d8200000,0x00000000d8780000)
  to   space 6144K, 0% used [0x00000000d7c00000,0x00000000d7c00000,0x00000000d8200000)
 ParOldGen       total 55296K, used 14515K [0x0000000080000000, 0x0000000083600000, 0x00000000d5580000)
  object space 55296K, 26% used [0x0000000080000000,0x0000000080e2cec0,0x0000000083600000)
 Metaspace       used 36039K, capacity 37184K, committed 37296K, reserved 1081344K
  class space    used 4951K, capacity 5239K, committed 5296K, reserved 1048576K
Event: 62.647 GC heap after
Heap after GC invocations=23 (full 2):
 PSYoungGen      total 45568K, used 4146K [0x00000000d5580000, 0x00000000d8d80000, 0x0000000100000000)
  eden space 39424K, 0% used [0x00000000d5580000,0x00000000d5580000,0x00000000d7c00000)
  from space 6144K, 67% used [0x00000000d7c00000,0x00000000d800c900,0x00000000d8200000)
  to   space 6144K, 0% used [0x00000000d8780000,0x00000000d8780000,0x00000000d8d80000)
 ParOldGen       total 55296K, used 14523K [0x0000000080000000, 0x0000000083600000, 0x00000000d5580000)
  object space 55296K, 26% used [0x0000000080000000,0x0000000080e2eec0,0x0000000083600000)
 Metaspace       used 36039K, capacity 37184K, committed 37296K, reserved 1081344K
  class space    used 4951K, capacity 5239K, committed 5296K, reserved 1048576K
}
Event: 68.307 GC heap before
{Heap before GC invocations=24 (full 2):
 PSYoungGen      total 45568K, used 43570K [0x00000000d5580000, 0x00000000d8d80000, 0x0000000100000000)
  eden space 39424K, 100% used [0x00000000d5580000,0x00000000d7c00000,0x00000000d7c00000)
  from space 6144K, 67% used [0x00000000d7c00000,0x00000000d800c900,0x00000000d8200000)
  to   space 6144K, 0% used [0x00000000d8780000,0x00000000d8780000,0x00000000d8d80000)
 ParOldGen       total 55296K, used 14523K [0x0000000080000000, 0x0000000083600000, 0x00000000d5580000)
  object space 55296K, 26% used [0x0000000080000000,0x0000000080e2eec0,0x0000000083600000)
 Metaspace       used 41503K, capacity 42804K, committed 43184K, reserved 1087488K
  class space    used 5617K, capacity 5950K, committed 6064K, reserved 1048576K
Event: 68.337 GC heap after
Heap after GC invocations=24 (full 2):
 PSYoungGen      total 49664K, used 6125K [0x00000000d5580000, 0x00000000d9000000, 0x0000000100000000)
  eden space 43520K, 0% used [0x00000000d5580000,0x00000000d5580000,0x00000000d8000000)
  from space 6144K, 99% used [0x00000000d8780000,0x00000000d8d7b6f0,0x00000000d8d80000)
  to   space 7680K, 0% used [0x00000000d8000000,0x00000000d8000000,0x00000000d8780000)
 ParOldGen       total 55296K, used 16601K [0x0000000080000000, 0x0000000083600000, 0x00000000d5580000)
  object space 55296K, 30% used [0x0000000080000000,0x00000000810367a8,0x0000000083600000)
 Metaspace       used 41503K, capacity 42804K, committed 43184K, reserved 1087488K
  class space    used 5617K, capacity 5950K, committed 6064K, reserved 1048576K
}
Event: 76.145 GC heap before
{Heap before GC invocations=25 (full 2):
 PSYoungGen      total 49664K, used 49645K [0x00000000d5580000, 0x00000000d9000000, 0x0000000100000000)
  eden space 43520K, 100% used [0x00000000d5580000,0x00000000d8000000,0x00000000d8000000)
  from space 6144K, 99% used [0x00000000d8780000,0x00000000d8d7b6f0,0x00000000d8d80000)
  to   space 7680K, 0% used [0x00000000d8000000,0x00000000d8000000,0x00000000d8780000)
 ParOldGen       total 55296K, used 16601K [0x0000000080000000, 0x0000000083600000, 0x00000000d5580000)
  object space 55296K, 30% used [0x0000000080000000,0x00000000810367a8,0x0000000083600000)
 Metaspace       used 45019K, capacity 46460K, committed 46640K, reserved 1089536K
  class space    used 6082K, capacity 6444K, committed 6448K, reserved 1048576K
Event: 76.342 GC heap after
Heap after GC invocations=25 (full 2):
 PSYoungGen      total 51200K, used 7660K [0x00000000d5580000, 0x00000000d9900000, 0x0000000100000000)
  eden space 43520K, 0% used [0x00000000d5580000,0x00000000d5580000,0x00000000d8000000)
  from space 7680K, 99% used [0x00000000d8000000,0x00000000d877b310,0x00000000d8780000)
  to   space 9728K, 0% used [0x00000000d8f80000,0x00000000d8f80000,0x00000000d9900000)
 ParOldGen       total 55296K, used 18895K [0x0000000080000000, 0x0000000083600000, 0x00000000d5580000)
  object space 55296K, 34% used [0x0000000080000000,0x0000000081273d98,0x0000000083600000)
 Metaspace       used 45019K, capacity 46460K, committed 46640K, reserved 1089536K
  class space    used 6082K, capacity 6444K, committed 6448K, reserved 1048576K
}
Event: 88.265 GC heap before
{Heap before GC invocations=26 (full 2):
 PSYoungGen      total 51200K, used 51180K [0x00000000d5580000, 0x00000000d9900000, 0x0000000100000000)
  eden space 43520K, 100% used [0x00000000d5580000,0x00000000d8000000,0x00000000d8000000)
  from space 7680K, 99% used [0x00000000d8000000,0x00000000d877b310,0x00000000d8780000)
  to   space 9728K, 0% used [0x00000000d8f80000,0x00000000d8f80000,0x00000000d9900000)
 ParOldGen       total 55296K, used 18895K [0x0000000080000000, 0x0000000083600000, 0x00000000d5580000)
  object space 55296K, 34% used [0x0000000080000000,0x0000000081273d98,0x0000000083600000)
 Metaspace       used 49459K, capacity 50946K, committed 51376K, reserved 1093632K
  class space    used 6601K, capacity 6965K, committed 7088K, reserved 1048576K
Event: 88.494 GC heap after
Heap after GC invocations=26 (full 2):
 PSYoungGen      total 56320K, used 9721K [0x00000000d5580000, 0x00000000d9f00000, 0x0000000100000000)
  eden space 46592K, 0% used [0x00000000d5580000,0x00000000d5580000,0x00000000d8300000)
  from space 9728K, 99% used [0x00000000d8f80000,0x00000000d98fe500,0x00000000d9900000)
  to   space 12800K, 0% used [0x00000000d8300000,0x00000000d8300000,0x00000000d8f80000)
 ParOldGen       total 55296K, used 22742K [0x0000000080000000, 0x0000000083600000, 0x00000000d5580000)
  object space 55296K, 41% used [0x0000000080000000,0x0000000081635bc0,0x0000000083600000)
 Metaspace       used 49459K, capacity 50946K, committed 51376K, reserved 1093632K
  class space    used 6601K, capacity 6965K, committed 7088K, reserved 1048576K
}
Event: 95.811 GC heap before
{Heap before GC invocations=27 (full 2):
 PSYoungGen      total 56320K, used 56313K [0x00000000d5580000, 0x00000000d9f00000, 0x0000000100000000)
  eden space 46592K, 100% used [0x00000000d5580000,0x00000000d8300000,0x00000000d8300000)
  from space 9728K, 99% used [0x00000000d8f80000,0x00000000d98fe500,0x00000000d9900000)
  to   space 12800K, 0% used [0x00000000d8300000,0x00000000d8300000,0x00000000d8f80000)
 ParOldGen       total 55296K, used 22742K [0x0000000080000000, 0x0000000083600000, 0x00000000d5580000)
  object space 55296K, 41% used [0x0000000080000000,0x0000000081635bc0,0x0000000083600000)
 Metaspace       used 53362K, capacity 55102K, committed 55344K, reserved 1097728K
  class space    used 7234K, capacity 7648K, committed 7728K, reserved 1048576K
Event: 98.140 GC heap after
Heap after GC invocations=27 (full 2):
 PSYoungGen      total 59392K, used 8749K [0x00000000d5580000, 0x00000000da680000, 0x0000000100000000)
  eden space 46592K, 0% used [0x00000000d5580000,0x00000000d5580000,0x00000000d8300000)
  from space 12800K, 68% used [0x00000000d8300000,0x00000000d8b8b6b8,0x00000000d8f80000)
  to   space 13312K, 0% used [0x00000000d9980000,0x00000000d9980000,0x00000000da680000)
 ParOldGen       total 55296K, used 27314K [0x0000000080000000, 0x0000000083600000, 0x00000000d5580000)
  object space 55296K, 49% used [0x0000000080000000,0x0000000081aacb98,0x0000000083600000)
 Metaspace       used 53362K, capacity 55102K, committed 55344K, reserved 1097728K
  class space    used 7234K, capacity 7648K, committed 7728K, reserved 1048576K
}

