# JRE version: OpenJDK Runtime Environment (8.0_242-b01) (build 1.8.0_242-release-1644-b01)
# Java VM: OpenJDK 64-Bit Server VM (25.242-b01 mixed mode windows-amd64 compressed oops)
Heap:
 PSYoungGen      total 61440K, used 58783K [0x00000000d5580000, 0x00000000da080000, 0x0000000100000000)
  eden space 59392K, 95% used [0x00000000d5580000,0x00000000d8ce7de0,0x00000000d8f80000)
  from space 2048K, 100% used [0x00000000d9780000,0x00000000d9980000,0x00000000d9980000)
  to   space 8192K, 0% used [0x00000000d8f80000,0x00000000d8f80000,0x00000000d9780000)
 ParOldGen       total 33280K, used 14936K [0x0000000080000000, 0x0000000082080000, 0x00000000d5580000)
  object space 33280K, 44% used [0x0000000080000000,0x0000000080e961d0,0x0000000082080000)
 Metaspace       used 31813K, capacity 32524K, committed 32816K, reserved 1077248K
  class space    used 4327K, capacity 4542K, committed 4656K, reserved 1048576K
GC Heap History (10 events):
Event: 16.544 GC heap before
{Heap before GC invocations=7 (full 0):
 PSYoungGen      total 36352K, used 36348K [0x00000000d5580000, 0x00000000d9e80000, 0x0000000100000000)
  eden space 30720K, 100% used [0x00000000d5580000,0x00000000d7380000,0x00000000d7380000)
  from space 5632K, 99% used [0x00000000d9900000,0x00000000d9e7f2a0,0x00000000d9e80000)
  to   space 6656K, 0% used [0x00000000d9180000,0x00000000d9180000,0x00000000d9800000)
 ParOldGen       total 42496K, used 4658K [0x0000000080000000, 0x0000000082980000, 0x00000000d5580000)
  object space 42496K, 10% used [0x0000000080000000,0x000000008048c878,0x0000000082980000)
 Metaspace       used 17025K, capacity 17596K, committed 17920K, reserved 1064960K
  class space    used 2314K, capacity 2494K, committed 2560K, reserved 1048576K
Event: 16.563 GC heap after
Heap after GC invocations=7 (full 0):
 PSYoungGen      total 36352K, used 5697K [0x00000000d5580000, 0x00000000d9980000, 0x0000000100000000)
  eden space 30208K, 0% used [0x00000000d5580000,0x00000000d5580000,0x00000000d7300000)
  from space 6144K, 92% used [0x00000000d9180000,0x00000000d9710578,0x00000000d9780000)
  to   space 2048K, 0% used [0x00000000d9780000,0x00000000d9780000,0x00000000d9980000)
 ParOldGen       total 42496K, used 5778K [0x0000000080000000, 0x0000000082980000, 0x00000000d5580000)
  object space 42496K, 13% used [0x0000000080000000,0x00000000805a48c8,0x0000000082980000)
 Metaspace       used 17025K, capacity 17596K, committed 17920K, reserved 1064960K
  class space    used 2314K, capacity 2494K, committed 2560K, reserved 1048576K
}
Event: 18.104 GC heap before
{Heap before GC invocations=8 (full 0):
 PSYoungGen      total 36352K, used 35905K [0x00000000d5580000, 0x00000000d9980000, 0x0000000100000000)
  eden space 30208K, 100% used [0x00000000d5580000,0x00000000d7300000,0x00000000d7300000)
  from space 6144K, 92% used [0x00000000d9180000,0x00000000d9710578,0x00000000d9780000)
  to   space 2048K, 0% used [0x00000000d9780000,0x00000000d9780000,0x00000000d9980000)
 ParOldGen       total 42496K, used 5778K [0x0000000080000000, 0x0000000082980000, 0x00000000d5580000)
  object space 42496K, 13% used [0x0000000080000000,0x00000000805a48c8,0x0000000082980000)
 Metaspace       used 19649K, capacity 20230K, committed 20352K, reserved 1067008K
  class space    used 2738K, capacity 2935K, committed 2944K, reserved 1048576K
Event: 18.144 GC heap after
Heap after GC invocations=8 (full 0):
 PSYoungGen      total 61440K, used 2016K [0x00000000d5580000, 0x00000000da080000, 0x0000000100000000)
  eden space 59392K, 0% used [0x00000000d5580000,0x00000000d5580000,0x00000000d8f80000)
  from space 2048K, 98% used [0x00000000d9780000,0x00000000d9978010,0x00000000d9980000)
  to   space 8192K, 0% used [0x00000000d8f80000,0x00000000d8f80000,0x00000000d9780000)
 ParOldGen       total 42496K, used 10206K [0x0000000080000000, 0x0000000082980000, 0x00000000d5580000)
  object space 42496K, 24% used [0x0000000080000000,0x00000000809f78f0,0x0000000082980000)
 Metaspace       used 19649K, capacity 20230K, committed 20352K, reserved 1067008K
  class space    used 2738K, capacity 2935K, committed 2944K, reserved 1048576K
}
Event: 18.612 GC heap before
{Heap before GC invocations=9 (full 0):
 PSYoungGen      total 61440K, used 15955K [0x00000000d5580000, 0x00000000da080000, 0x0000000100000000)
  eden space 59392K, 23% used [0x00000000d5580000,0x00000000d631cde8,0x00000000d8f80000)
  from space 2048K, 98% used [0x00000000d9780000,0x00000000d9978010,0x00000000d9980000)
  to   space 8192K, 0% used [0x00000000d8f80000,0x00000000d8f80000,0x00000000d9780000)
 ParOldGen       total 42496K, used 10206K [0x0000000080000000, 0x0000000082980000, 0x00000000d5580000)
  object space 42496K, 24% used [0x0000000080000000,0x00000000809f78f0,0x0000000082980000)
 Metaspace       used 20630K, capacity 21228K, committed 21296K, reserved 1067008K
  class space    used 2887K, capacity 3084K, committed 3120K, reserved 1048576K
Event: 18.624 GC heap after
Heap after GC invocations=9 (full 0):
 PSYoungGen      total 67584K, used 2626K [0x00000000d5580000, 0x00000000da080000, 0x0000000100000000)
  eden space 59392K, 0% used [0x00000000d5580000,0x00000000d5580000,0x00000000d8f80000)
  from space 8192K, 32% used [0x00000000d8f80000,0x00000000d92108a0,0x00000000d9780000)
  to   space 2048K, 0% used [0x00000000d9780000,0x00000000d9780000,0x00000000d9980000)
 ParOldGen       total 42496K, used 10970K [0x0000000080000000, 0x0000000082980000, 0x00000000d5580000)
  object space 42496K, 25% used [0x0000000080000000,0x0000000080ab6958,0x0000000082980000)
 Metaspace       used 20630K, capacity 21228K, committed 21296K, reserved 1067008K
  class space    used 2887K, capacity 3084K, committed 3120K, reserved 1048576K
}
Event: 18.624 GC heap before
{Heap before GC invocations=10 (full 1):
 PSYoungGen      total 67584K, used 2626K [0x00000000d5580000, 0x00000000da080000, 0x0000000100000000)
  eden space 59392K, 0% used [0x00000000d5580000,0x00000000d5580000,0x00000000d8f80000)
  from space 8192K, 32% used [0x00000000d8f80000,0x00000000d92108a0,0x00000000d9780000)
  to   space 2048K, 0% used [0x00000000d9780000,0x00000000d9780000,0x00000000d9980000)
 ParOldGen       total 42496K, used 10970K [0x0000000080000000, 0x0000000082980000, 0x00000000d5580000)
  object space 42496K, 25% used [0x0000000080000000,0x0000000080ab6958,0x0000000082980000)
 Metaspace       used 20630K, capacity 21228K, committed 21296K, reserved 1067008K
  class space    used 2887K, capacity 3084K, committed 3120K, reserved 1048576K
Event: 18.717 GC heap after
Heap after GC invocations=10 (full 1):
 PSYoungGen      total 67584K, used 0K [0x00000000d5580000, 0x00000000da080000, 0x0000000100000000)
  eden space 59392K, 0% used [0x00000000d5580000,0x00000000d5580000,0x00000000d8f80000)
  from space 8192K, 0% used [0x00000000d8f80000,0x00000000d8f80000,0x00000000d9780000)
  to   space 2048K, 0% used [0x00000000d9780000,0x00000000d9780000,0x00000000d9980000)
 ParOldGen       total 33280K, used 9332K [0x0000000080000000, 0x0000000082080000, 0x00000000d5580000)
  object space 33280K, 28% used [0x0000000080000000,0x000000008091d1c8,0x0000000082080000)
 Metaspace       used 20630K, capacity 21228K, committed 21296K, reserved 1067008K
  class space    used 2887K, capacity 3084K, committed 3120K, reserved 1048576K
}
Event: 23.110 GC heap before
{Heap before GC invocations=11 (full 1):
 PSYoungGen      total 67584K, used 59392K [0x00000000d5580000, 0x00000000da080000, 0x0000000100000000)
  eden space 59392K, 100% used [0x00000000d5580000,0x00000000d8f80000,0x00000000d8f80000)
  from space 8192K, 0% used [0x00000000d8f80000,0x00000000d8f80000,0x00000000d9780000)
  to   space 2048K, 0% used [0x00000000d9780000,0x00000000d9780000,0x00000000d9980000)
 ParOldGen       total 33280K, used 9332K [0x0000000080000000, 0x0000000082080000, 0x00000000d5580000)
  object space 33280K, 28% used [0x0000000080000000,0x000000008091d1c8,0x0000000082080000)
 Metaspace       used 28148K, capacity 28814K, committed 28976K, reserved 1075200K
  class space    used 3886K, capacity 4093K, committed 4144K, reserved 1048576K
Event: 23.140 GC heap after
Heap after GC invocations=11 (full 1):
 PSYoungGen      total 61440K, used 2048K [0x00000000d5580000, 0x00000000da080000, 0x0000000100000000)
  eden space 59392K, 0% used [0x00000000d5580000,0x00000000d5580000,0x00000000d8f80000)
  from space 2048K, 100% used [0x00000000d9780000,0x00000000d9980000,0x00000000d9980000)
  to   space 8192K, 0% used [0x00000000d8f80000,0x00000000d8f80000,0x00000000d9780000)
 ParOldGen       total 33280K, used 14936K [0x0000000080000000, 0x0000000082080000, 0x00000000d5580000)
  object space 33280K, 44% used [0x0000000080000000,0x0000000080e961d0,0x0000000082080000)
 Metaspace       used 28148K, capacity 28814K, committed 28976K, reserved 1075200K
  class space    used 3886K, capacity 4093K, committed 4144K, reserved 1048576K
}

