# JRE version: OpenJDK Runtime Environment (8.0_242-b01) (build 1.8.0_242-release-1644-b01)
# Java VM: OpenJDK 64-Bit Server VM (25.242-b01 mixed mode windows-amd64 compressed oops)
Heap:
 PSYoungGen      total 193536K, used 87424K [0x00000000d5580000, 0x00000000e7680000, 0x0000000100000000)
  eden space 180736K, 41% used [0x00000000d5580000,0x00000000d9e64258,0x00000000e0600000)
  from space 12800K, 99% used [0x00000000e0600000,0x00000000e127c100,0x00000000e1280000)
  to   space 17920K, 0% used [0x00000000e6500000,0x00000000e6500000,0x00000000e7680000)
 ParOldGen       total 47104K, used 24395K [0x0000000080000000, 0x0000000082e00000, 0x00000000d5580000)
  object space 47104K, 51% used [0x0000000080000000,0x00000000817d2ce8,0x0000000082e00000)
 Metaspace       used 56170K, capacity 58124K, committed 58416K, reserved 1099776K
  class space    used 7697K, capacity 8157K, committed 8240K, reserved 1048576K
GC Heap History (10 events):
Event: 19.352 GC heap before
{Heap before GC invocations=9 (full 1):
 PSYoungGen      total 133632K, used 4771K [0x00000000d5580000, 0x00000000de180000, 0x0000000100000000)
  eden space 124928K, 0% used [0x00000000d5580000,0x00000000d5580000,0x00000000dcf80000)
  from space 8704K, 54% used [0x00000000dd900000,0x00000000ddda8d08,0x00000000de180000)
  to   space 9216K, 0% used [0x00000000dcf80000,0x00000000dcf80000,0x00000000dd880000)
 ParOldGen       total 42496K, used 8471K [0x0000000080000000, 0x0000000082980000, 0x00000000d5580000)
  object space 42496K, 19% used [0x0000000080000000,0x0000000080845e10,0x0000000082980000)
 Metaspace       used 20578K, capacity 21228K, committed 21296K, reserved 1067008K
  class space    used 2873K, capacity 3084K, committed 3120K, reserved 1048576K
Event: 19.500 GC heap after
Heap after GC invocations=9 (full 1):
 PSYoungGen      total 133632K, used 0K [0x00000000d5580000, 0x00000000de180000, 0x0000000100000000)
  eden space 124928K, 0% used [0x00000000d5580000,0x00000000d5580000,0x00000000dcf80000)
  from space 8704K, 0% used [0x00000000dd900000,0x00000000dd900000,0x00000000de180000)
  to   space 9216K, 0% used [0x00000000dcf80000,0x00000000dcf80000,0x00000000dd880000)
 ParOldGen       total 31744K, used 7609K [0x0000000080000000, 0x0000000081f00000, 0x00000000d5580000)
  object space 31744K, 23% used [0x0000000080000000,0x000000008076e498,0x0000000081f00000)
 Metaspace       used 20578K, capacity 21228K, committed 21296K, reserved 1067008K
  class space    used 2873K, capacity 3084K, committed 3120K, reserved 1048576K
}
Event: 35.541 GC heap before
{Heap before GC invocations=10 (full 1):
 PSYoungGen      total 133632K, used 124928K [0x00000000d5580000, 0x00000000de180000, 0x0000000100000000)
  eden space 124928K, 100% used [0x00000000d5580000,0x00000000dcf80000,0x00000000dcf80000)
  from space 8704K, 0% used [0x00000000dd900000,0x00000000dd900000,0x00000000de180000)
  to   space 9216K, 0% used [0x00000000dcf80000,0x00000000dcf80000,0x00000000dd880000)
 ParOldGen       total 31744K, used 7609K [0x0000000080000000, 0x0000000081f00000, 0x00000000d5580000)
  object space 31744K, 23% used [0x0000000080000000,0x000000008076e498,0x0000000081f00000)
 Metaspace       used 31939K, capacity 32684K, committed 32816K, reserved 1077248K
  class space    used 4355K, capacity 4574K, committed 4656K, reserved 1048576K
Event: 36.010 GC heap after
Heap after GC invocations=10 (full 1):
 PSYoungGen      total 134144K, used 9184K [0x00000000d5580000, 0x00000000e1e80000, 0x0000000100000000)
  eden space 124928K, 0% used [0x00000000d5580000,0x00000000d5580000,0x00000000dcf80000)
  from space 9216K, 99% used [0x00000000dcf80000,0x00000000dd878220,0x00000000dd880000)
  to   space 12288K, 0% used [0x00000000e1280000,0x00000000e1280000,0x00000000e1e80000)
 ParOldGen       total 31744K, used 11396K [0x0000000080000000, 0x0000000081f00000, 0x00000000d5580000)
  object space 31744K, 35% used [0x0000000080000000,0x0000000080b21050,0x0000000081f00000)
 Metaspace       used 31939K, capacity 32684K, committed 32816K, reserved 1077248K
  class space    used 4355K, capacity 4574K, committed 4656K, reserved 1048576K
}
Event: 39.125 GC heap before
{Heap before GC invocations=11 (full 1):
 PSYoungGen      total 134144K, used 62152K [0x00000000d5580000, 0x00000000e1e80000, 0x0000000100000000)
  eden space 124928K, 42% used [0x00000000d5580000,0x00000000d8939f68,0x00000000dcf80000)
  from space 9216K, 99% used [0x00000000dcf80000,0x00000000dd878220,0x00000000dd880000)
  to   space 12288K, 0% used [0x00000000e1280000,0x00000000e1280000,0x00000000e1e80000)
 ParOldGen       total 31744K, used 11396K [0x0000000080000000, 0x0000000081f00000, 0x00000000d5580000)
  object space 31744K, 35% used [0x0000000080000000,0x0000000080b21050,0x0000000081f00000)
 Metaspace       used 34598K, capacity 35462K, committed 35496K, reserved 1079296K
  class space    used 4751K, capacity 5034K, committed 5040K, reserved 1048576K
Event: 39.192 GC heap after
Heap after GC invocations=11 (full 1):
 PSYoungGen      total 193024K, used 9058K [0x00000000d5580000, 0x00000000e1f80000, 0x0000000100000000)
  eden space 180736K, 0% used [0x00000000d5580000,0x00000000d5580000,0x00000000e0600000)
  from space 12288K, 73% used [0x00000000e1280000,0x00000000e1b58bc0,0x00000000e1e80000)
  to   space 12800K, 0% used [0x00000000e0600000,0x00000000e0600000,0x00000000e1280000)
 ParOldGen       total 31744K, used 11404K [0x0000000080000000, 0x0000000081f00000, 0x00000000d5580000)
  object space 31744K, 35% used [0x0000000080000000,0x0000000080b23050,0x0000000081f00000)
 Metaspace       used 34598K, capacity 35462K, committed 35496K, reserved 1079296K
  class space    used 4751K, capacity 5034K, committed 5040K, reserved 1048576K
}
Event: 39.193 GC heap before
{Heap before GC invocations=12 (full 2):
 PSYoungGen      total 193024K, used 9058K [0x00000000d5580000, 0x00000000e1f80000, 0x0000000100000000)
  eden space 180736K, 0% used [0x00000000d5580000,0x00000000d5580000,0x00000000e0600000)
  from space 12288K, 73% used [0x00000000e1280000,0x00000000e1b58bc0,0x00000000e1e80000)
  to   space 12800K, 0% used [0x00000000e0600000,0x00000000e0600000,0x00000000e1280000)
 ParOldGen       total 31744K, used 11404K [0x0000000080000000, 0x0000000081f00000, 0x00000000d5580000)
  object space 31744K, 35% used [0x0000000080000000,0x0000000080b23050,0x0000000081f00000)
 Metaspace       used 34598K, capacity 35462K, committed 35496K, reserved 1079296K
  class space    used 4751K, capacity 5034K, committed 5040K, reserved 1048576K
Event: 39.455 GC heap after
Heap after GC invocations=12 (full 2):
 PSYoungGen      total 193024K, used 0K [0x00000000d5580000, 0x00000000e1f80000, 0x0000000100000000)
  eden space 180736K, 0% used [0x00000000d5580000,0x00000000d5580000,0x00000000e0600000)
  from space 12288K, 0% used [0x00000000e1280000,0x00000000e1280000,0x00000000e1e80000)
  to   space 12800K, 0% used [0x00000000e0600000,0x00000000e0600000,0x00000000e1280000)
 ParOldGen       total 47104K, used 15674K [0x0000000080000000, 0x0000000082e00000, 0x00000000d5580000)
  object space 47104K, 33% used [0x0000000080000000,0x0000000080f4ebf8,0x0000000082e00000)
 Metaspace       used 34598K, capacity 35462K, committed 35496K, reserved 1079296K
  class space    used 4751K, capacity 5034K, committed 5040K, reserved 1048576K
}
Event: 64.627 GC heap before
{Heap before GC invocations=13 (full 2):
 PSYoungGen      total 193024K, used 180736K [0x00000000d5580000, 0x00000000e1f80000, 0x0000000100000000)
  eden space 180736K, 100% used [0x00000000d5580000,0x00000000e0600000,0x00000000e0600000)
  from space 12288K, 0% used [0x00000000e1280000,0x00000000e1280000,0x00000000e1e80000)
  to   space 12800K, 0% used [0x00000000e0600000,0x00000000e0600000,0x00000000e1280000)
 ParOldGen       total 47104K, used 15674K [0x0000000080000000, 0x0000000082e00000, 0x00000000d5580000)
  object space 47104K, 33% used [0x0000000080000000,0x0000000080f4ebf8,0x0000000082e00000)
 Metaspace       used 49548K, capacity 51126K, committed 51376K, reserved 1093632K
  class space    used 6620K, capacity 7002K, committed 7088K, reserved 1048576K
Event: 65.837 GC heap after
Heap after GC invocations=13 (full 2):
 PSYoungGen      total 193536K, used 12784K [0x00000000d5580000, 0x00000000e7680000, 0x0000000100000000)
  eden space 180736K, 0% used [0x00000000d5580000,0x00000000d5580000,0x00000000e0600000)
  from space 12800K, 99% used [0x00000000e0600000,0x00000000e127c100,0x00000000e1280000)
  to   space 17920K, 0% used [0x00000000e6500000,0x00000000e6500000,0x00000000e7680000)
 ParOldGen       total 47104K, used 24395K [0x0000000080000000, 0x0000000082e00000, 0x00000000d5580000)
  object space 47104K, 51% used [0x0000000080000000,0x00000000817d2ce8,0x0000000082e00000)
 Metaspace       used 49548K, capacity 51126K, committed 51376K, reserved 1093632K
  class space    used 6620K, capacity 7002K, committed 7088K, reserved 1048576K
}

