# JRE version: OpenJDK Runtime Environment (8.0_242-b01) (build 1.8.0_242-release-1644-b01)
# Java VM: OpenJDK 64-Bit Server VM (25.242-b01 mixed mode windows-amd64 compressed oops)
Heap:
 PSYoungGen      total 148992K, used 123639K [0x00000000d5580000, 0x00000000e0780000, 0x0000000100000000)
  eden space 131072K, 80% used [0x00000000d5580000,0x00000000dbcc5198,0x00000000dd580000)
  from space 17920K, 99% used [0x00000000dd580000,0x00000000de6f8d90,0x00000000de700000)
  to   space 20480K, 0% used [0x00000000df380000,0x00000000df380000,0x00000000e0780000)
 ParOldGen       total 97792K, used 30585K [0x0000000080000000, 0x0000000085f80000, 0x00000000d5580000)
  object space 97792K, 31% used [0x0000000080000000,0x0000000081dde420,0x0000000085f80000)
 Metaspace       used 76311K, capacity 79218K, committed 79400K, reserved 1118208K
  class space    used 10085K, capacity 10702K, committed 10800K, reserved 1048576K
GC Heap History (10 events):
Event: 39.780 GC heap before
{Heap before GC invocations=16 (full 2):
 PSYoungGen      total 116736K, used 116718K [0x00000000d5580000, 0x00000000de380000, 0x0000000100000000)
  eden space 107520K, 100% used [0x00000000d5580000,0x00000000dbe80000,0x00000000dbe80000)
  from space 9216K, 99% used [0x00000000dbe80000,0x00000000dc77bbf0,0x00000000dc780000)
  to   space 11776K, 0% used [0x00000000dd800000,0x00000000dd800000,0x00000000de380000)
 ParOldGen       total 58368K, used 18255K [0x0000000080000000, 0x0000000083900000, 0x00000000d5580000)
  object space 58368K, 31% used [0x0000000080000000,0x00000000811d3f88,0x0000000083900000)
 Metaspace       used 53523K, capacity 55372K, committed 55592K, reserved 1097728K
  class space    used 7261K, capacity 7693K, committed 7728K, reserved 1048576K
Event: 39.841 GC heap after
Heap after GC invocations=16 (full 2):
 PSYoungGen      total 128512K, used 11761K [0x00000000d5580000, 0x00000000ded00000, 0x0000000100000000)
  eden space 116736K, 0% used [0x00000000d5580000,0x00000000d5580000,0x00000000dc780000)
  from space 11776K, 99% used [0x00000000dd800000,0x00000000de37c5d0,0x00000000de380000)
  to   space 16896K, 0% used [0x00000000dc780000,0x00000000dc780000,0x00000000dd800000)
 ParOldGen       total 58368K, used 26208K [0x0000000080000000, 0x0000000083900000, 0x00000000d5580000)
  object space 58368K, 44% used [0x0000000080000000,0x0000000081998310,0x0000000083900000)
 Metaspace       used 53523K, capacity 55372K, committed 55592K, reserved 1097728K
  class space    used 7261K, capacity 7693K, committed 7728K, reserved 1048576K
}
Event: 43.168 GC heap before
{Heap before GC invocations=17 (full 2):
 PSYoungGen      total 128512K, used 61766K [0x00000000d5580000, 0x00000000ded00000, 0x0000000100000000)
  eden space 116736K, 42% used [0x00000000d5580000,0x00000000d86555c8,0x00000000dc780000)
  from space 11776K, 99% used [0x00000000dd800000,0x00000000de37c5d0,0x00000000de380000)
  to   space 16896K, 0% used [0x00000000dc780000,0x00000000dc780000,0x00000000dd800000)
 ParOldGen       total 58368K, used 26208K [0x0000000080000000, 0x0000000083900000, 0x00000000d5580000)
  object space 58368K, 44% used [0x0000000080000000,0x0000000081998310,0x0000000083900000)
 Metaspace       used 57029K, capacity 59026K, committed 59160K, reserved 1099776K
  class space    used 7825K, capacity 8286K, committed 8368K, reserved 1048576K
Event: 43.229 GC heap after
Heap after GC invocations=17 (full 2):
 PSYoungGen      total 133632K, used 4896K [0x00000000d5580000, 0x00000000df680000, 0x0000000100000000)
  eden space 116736K, 0% used [0x00000000d5580000,0x00000000d5580000,0x00000000dc780000)
  from space 16896K, 28% used [0x00000000dc780000,0x00000000dcc482a0,0x00000000dd800000)
  to   space 15872K, 0% used [0x00000000de700000,0x00000000de700000,0x00000000df680000)
 ParOldGen       total 58368K, used 34097K [0x0000000080000000, 0x0000000083900000, 0x00000000d5580000)
  object space 58368K, 58% used [0x0000000080000000,0x000000008214c468,0x0000000083900000)
 Metaspace       used 57029K, capacity 59026K, committed 59160K, reserved 1099776K
  class space    used 7825K, capacity 8286K, committed 8368K, reserved 1048576K
}
Event: 43.230 GC heap before
{Heap before GC invocations=18 (full 3):
 PSYoungGen      total 133632K, used 4896K [0x00000000d5580000, 0x00000000df680000, 0x0000000100000000)
  eden space 116736K, 0% used [0x00000000d5580000,0x00000000d5580000,0x00000000dc780000)
  from space 16896K, 28% used [0x00000000dc780000,0x00000000dcc482a0,0x00000000dd800000)
  to   space 15872K, 0% used [0x00000000de700000,0x00000000de700000,0x00000000df680000)
 ParOldGen       total 58368K, used 34097K [0x0000000080000000, 0x0000000083900000, 0x00000000d5580000)
  object space 58368K, 58% used [0x0000000080000000,0x000000008214c468,0x0000000083900000)
 Metaspace       used 57029K, capacity 59026K, committed 59160K, reserved 1099776K
  class space    used 7825K, capacity 8286K, committed 8368K, reserved 1048576K
Event: 44.082 GC heap after
Heap after GC invocations=18 (full 3):
 PSYoungGen      total 133632K, used 0K [0x00000000d5580000, 0x00000000df680000, 0x0000000100000000)
  eden space 116736K, 0% used [0x00000000d5580000,0x00000000d5580000,0x00000000dc780000)
  from space 16896K, 0% used [0x00000000dc780000,0x00000000dc780000,0x00000000dd800000)
  to   space 15872K, 0% used [0x00000000de700000,0x00000000de700000,0x00000000df680000)
 ParOldGen       total 97792K, used 30327K [0x0000000080000000, 0x0000000085f80000, 0x00000000d5580000)
  object space 97792K, 31% used [0x0000000080000000,0x0000000081d9dc08,0x0000000085f80000)
 Metaspace       used 57029K, capacity 59026K, committed 59160K, reserved 1099776K
  class space    used 7825K, capacity 8286K, committed 8368K, reserved 1048576K
}
Event: 53.509 GC heap before
{Heap before GC invocations=19 (full 3):
 PSYoungGen      total 133632K, used 116736K [0x00000000d5580000, 0x00000000df680000, 0x0000000100000000)
  eden space 116736K, 100% used [0x00000000d5580000,0x00000000dc780000,0x00000000dc780000)
  from space 16896K, 0% used [0x00000000dc780000,0x00000000dc780000,0x00000000dd800000)
  to   space 15872K, 0% used [0x00000000de700000,0x00000000de700000,0x00000000df680000)
 ParOldGen       total 97792K, used 30327K [0x0000000080000000, 0x0000000085f80000, 0x00000000d5580000)
  object space 97792K, 31% used [0x0000000080000000,0x0000000081d9dc08,0x0000000085f80000)
 Metaspace       used 61666K, capacity 64196K, committed 64424K, reserved 1103872K
  class space    used 8480K, capacity 9037K, committed 9136K, reserved 1048576K
Event: 53.562 GC heap after
Heap after GC invocations=19 (full 3):
 PSYoungGen      total 146944K, used 13630K [0x00000000d5580000, 0x00000000df900000, 0x0000000100000000)
  eden space 131072K, 0% used [0x00000000d5580000,0x00000000d5580000,0x00000000dd580000)
  from space 15872K, 85% used [0x00000000de700000,0x00000000df44f988,0x00000000df680000)
  to   space 17920K, 0% used [0x00000000dd580000,0x00000000dd580000,0x00000000de700000)
 ParOldGen       total 97792K, used 30327K [0x0000000080000000, 0x0000000085f80000, 0x00000000d5580000)
  object space 97792K, 31% used [0x0000000080000000,0x0000000081d9dc08,0x0000000085f80000)
 Metaspace       used 61666K, capacity 64196K, committed 64424K, reserved 1103872K
  class space    used 8480K, capacity 9037K, committed 9136K, reserved 1048576K
}
Event: 82.885 GC heap before
{Heap before GC invocations=20 (full 3):
 PSYoungGen      total 146944K, used 144693K [0x00000000d5580000, 0x00000000df900000, 0x0000000100000000)
  eden space 131072K, 99% used [0x00000000d5580000,0x00000000dd57dc48,0x00000000dd580000)
  from space 15872K, 85% used [0x00000000de700000,0x00000000df44f988,0x00000000df680000)
  to   space 17920K, 0% used [0x00000000dd580000,0x00000000dd580000,0x00000000de700000)
 ParOldGen       total 97792K, used 30327K [0x0000000080000000, 0x0000000085f80000, 0x00000000d5580000)
  object space 97792K, 31% used [0x0000000080000000,0x0000000081d9dc08,0x0000000085f80000)
 Metaspace       used 67163K, capacity 69828K, committed 69928K, reserved 1110016K
  class space    used 9119K, capacity 9697K, committed 9776K, reserved 1048576K
Event: 83.096 GC heap after
Heap after GC invocations=20 (full 3):
 PSYoungGen      total 148992K, used 17891K [0x00000000d5580000, 0x00000000e0780000, 0x0000000100000000)
  eden space 131072K, 0% used [0x00000000d5580000,0x00000000d5580000,0x00000000dd580000)
  from space 17920K, 99% used [0x00000000dd580000,0x00000000de6f8d90,0x00000000de700000)
  to   space 20480K, 0% used [0x00000000df380000,0x00000000df380000,0x00000000e0780000)
 ParOldGen       total 97792K, used 30585K [0x0000000080000000, 0x0000000085f80000, 0x00000000d5580000)
  object space 97792K, 31% used [0x0000000080000000,0x0000000081dde420,0x0000000085f80000)
 Metaspace       used 67163K, capacity 69828K, committed 69928K, reserved 1110016K
  class space    used 9119K, capacity 9697K, committed 9776K, reserved 1048576K
}

