# JRE version: OpenJDK Runtime Environment (8.0_242-b01) (build 1.8.0_242-release-1644-b01)
# Java VM: OpenJDK 64-Bit Server VM (25.242-b01 mixed mode windows-amd64 compressed oops)
Heap:
 PSYoungGen      total 134144K, used 63185K [0x00000000d5580000, 0x00000000de180000, 0x0000000100000000)
  eden space 124928K, 43% used [0x00000000d5580000,0x00000000d8a38a90,0x00000000dcf80000)
  from space 9216K, 99% used [0x00000000dcf80000,0x00000000dd87bcc8,0x00000000dd880000)
  to   space 8704K, 0% used [0x00000000dd900000,0x00000000dd900000,0x00000000de180000)
 ParOldGen       total 48640K, used 20927K [0x0000000080000000, 0x0000000082f80000, 0x00000000d5580000)
  object space 48640K, 43% used [0x0000000080000000,0x000000008146ff78,0x0000000082f80000)
 Metaspace       used 49512K, capacity 51148K, committed 51376K, reserved 1093632K
  class space    used 6607K, capacity 7031K, committed 7088K, reserved 1048576K
GC Heap History (10 events):
Event: 21.017 GC heap before
{Heap before GC invocations=9 (full 1):
 PSYoungGen      total 133632K, used 4821K [0x00000000d5580000, 0x00000000de180000, 0x0000000100000000)
  eden space 124928K, 0% used [0x00000000d5580000,0x00000000d5580000,0x00000000dcf80000)
  from space 8704K, 55% used [0x00000000dd900000,0x00000000dddb54a8,0x00000000de180000)
  to   space 9216K, 0% used [0x00000000dcf80000,0x00000000dcf80000,0x00000000dd880000)
 ParOldGen       total 42496K, used 8782K [0x0000000080000000, 0x0000000082980000, 0x00000000d5580000)
  object space 42496K, 20% used [0x0000000080000000,0x0000000080893b58,0x0000000082980000)
 Metaspace       used 20640K, capacity 21228K, committed 21296K, reserved 1067008K
  class space    used 2885K, capacity 3084K, committed 3120K, reserved 1048576K
Event: 21.180 GC heap after
Heap after GC invocations=9 (full 1):
 PSYoungGen      total 133632K, used 0K [0x00000000d5580000, 0x00000000de180000, 0x0000000100000000)
  eden space 124928K, 0% used [0x00000000d5580000,0x00000000d5580000,0x00000000dcf80000)
  from space 8704K, 0% used [0x00000000dd900000,0x00000000dd900000,0x00000000de180000)
  to   space 9216K, 0% used [0x00000000dcf80000,0x00000000dcf80000,0x00000000dd880000)
 ParOldGen       total 32768K, used 9237K [0x0000000080000000, 0x0000000082000000, 0x00000000d5580000)
  object space 32768K, 28% used [0x0000000080000000,0x0000000080905560,0x0000000082000000)
 Metaspace       used 20640K, capacity 21228K, committed 21296K, reserved 1067008K
  class space    used 2885K, capacity 3084K, committed 3120K, reserved 1048576K
}
Event: 31.451 GC heap before
{Heap before GC invocations=10 (full 1):
 PSYoungGen      total 133632K, used 124928K [0x00000000d5580000, 0x00000000de180000, 0x0000000100000000)
  eden space 124928K, 100% used [0x00000000d5580000,0x00000000dcf80000,0x00000000dcf80000)
  from space 8704K, 0% used [0x00000000dd900000,0x00000000dd900000,0x00000000de180000)
  to   space 9216K, 0% used [0x00000000dcf80000,0x00000000dcf80000,0x00000000dd880000)
 ParOldGen       total 32768K, used 9237K [0x0000000080000000, 0x0000000082000000, 0x00000000d5580000)
  object space 32768K, 28% used [0x0000000080000000,0x0000000080905560,0x0000000082000000)
 Metaspace       used 32067K, capacity 32856K, committed 33072K, reserved 1077248K
  class space    used 4363K, capacity 4609K, committed 4656K, reserved 1048576K
Event: 31.938 GC heap after
Heap after GC invocations=10 (full 1):
 PSYoungGen      total 134144K, used 9202K [0x00000000d5580000, 0x00000000de180000, 0x0000000100000000)
  eden space 124928K, 0% used [0x00000000d5580000,0x00000000d5580000,0x00000000dcf80000)
  from space 9216K, 99% used [0x00000000dcf80000,0x00000000dd87cb50,0x00000000dd880000)
  to   space 8704K, 0% used [0x00000000dd900000,0x00000000dd900000,0x00000000de180000)
 ParOldGen       total 32768K, used 13020K [0x0000000080000000, 0x0000000082000000, 0x00000000d5580000)
  object space 32768K, 39% used [0x0000000080000000,0x0000000080cb7210,0x0000000082000000)
 Metaspace       used 32067K, capacity 32856K, committed 33072K, reserved 1077248K
  class space    used 4363K, capacity 4609K, committed 4656K, reserved 1048576K
}
Event: 34.496 GC heap before
{Heap before GC invocations=11 (full 1):
 PSYoungGen      total 134144K, used 59810K [0x00000000d5580000, 0x00000000de180000, 0x0000000100000000)
  eden space 124928K, 40% used [0x00000000d5580000,0x00000000d86ebd90,0x00000000dcf80000)
  from space 9216K, 99% used [0x00000000dcf80000,0x00000000dd87cb50,0x00000000dd880000)
  to   space 8704K, 0% used [0x00000000dd900000,0x00000000dd900000,0x00000000de180000)
 ParOldGen       total 32768K, used 13020K [0x0000000080000000, 0x0000000082000000, 0x00000000d5580000)
  object space 32768K, 39% used [0x0000000080000000,0x0000000080cb7210,0x0000000082000000)
 Metaspace       used 34544K, capacity 35398K, committed 35496K, reserved 1079296K
  class space    used 4735K, capacity 4970K, committed 5040K, reserved 1048576K
Event: 34.592 GC heap after
Heap after GC invocations=11 (full 1):
 PSYoungGen      total 133632K, used 8676K [0x00000000d5580000, 0x00000000de180000, 0x0000000100000000)
  eden space 124928K, 0% used [0x00000000d5580000,0x00000000d5580000,0x00000000dcf80000)
  from space 8704K, 99% used [0x00000000dd900000,0x00000000de179338,0x00000000de180000)
  to   space 9216K, 0% used [0x00000000dcf80000,0x00000000dcf80000,0x00000000dd880000)
 ParOldGen       total 32768K, used 13134K [0x0000000080000000, 0x0000000082000000, 0x00000000d5580000)
  object space 32768K, 40% used [0x0000000080000000,0x0000000080cd3870,0x0000000082000000)
 Metaspace       used 34544K, capacity 35398K, committed 35496K, reserved 1079296K
  class space    used 4735K, capacity 4970K, committed 5040K, reserved 1048576K
}
Event: 34.593 GC heap before
{Heap before GC invocations=12 (full 2):
 PSYoungGen      total 133632K, used 8676K [0x00000000d5580000, 0x00000000de180000, 0x0000000100000000)
  eden space 124928K, 0% used [0x00000000d5580000,0x00000000d5580000,0x00000000dcf80000)
  from space 8704K, 99% used [0x00000000dd900000,0x00000000de179338,0x00000000de180000)
  to   space 9216K, 0% used [0x00000000dcf80000,0x00000000dcf80000,0x00000000dd880000)
 ParOldGen       total 32768K, used 13134K [0x0000000080000000, 0x0000000082000000, 0x00000000d5580000)
  object space 32768K, 40% used [0x0000000080000000,0x0000000080cd3870,0x0000000082000000)
 Metaspace       used 34544K, capacity 35398K, committed 35496K, reserved 1079296K
  class space    used 4735K, capacity 4970K, committed 5040K, reserved 1048576K
Event: 35.228 GC heap after
Heap after GC invocations=12 (full 2):
 PSYoungGen      total 133632K, used 0K [0x00000000d5580000, 0x00000000de180000, 0x0000000100000000)
  eden space 124928K, 0% used [0x00000000d5580000,0x00000000d5580000,0x00000000dcf80000)
  from space 8704K, 0% used [0x00000000dd900000,0x00000000dd900000,0x00000000de180000)
  to   space 9216K, 0% used [0x00000000dcf80000,0x00000000dcf80000,0x00000000dd880000)
 ParOldGen       total 48640K, used 15327K [0x0000000080000000, 0x0000000082f80000, 0x00000000d5580000)
  object space 48640K, 31% used [0x0000000080000000,0x0000000080ef7fc0,0x0000000082f80000)
 Metaspace       used 34544K, capacity 35398K, committed 35496K, reserved 1079296K
  class space    used 4735K, capacity 4970K, committed 5040K, reserved 1048576K
}
Event: 49.720 GC heap before
{Heap before GC invocations=13 (full 2):
 PSYoungGen      total 133632K, used 124928K [0x00000000d5580000, 0x00000000de180000, 0x0000000100000000)
  eden space 124928K, 100% used [0x00000000d5580000,0x00000000dcf80000,0x00000000dcf80000)
  from space 8704K, 0% used [0x00000000dd900000,0x00000000dd900000,0x00000000de180000)
  to   space 9216K, 0% used [0x00000000dcf80000,0x00000000dcf80000,0x00000000dd880000)
 ParOldGen       total 48640K, used 15327K [0x0000000080000000, 0x0000000082f80000, 0x00000000d5580000)
  object space 48640K, 31% used [0x0000000080000000,0x0000000080ef7fc0,0x0000000082f80000)
 Metaspace       used 45051K, capacity 46532K, committed 46640K, reserved 1089536K
  class space    used 6087K, capacity 6444K, committed 6448K, reserved 1048576K
Event: 50.002 GC heap after
Heap after GC invocations=13 (full 2):
 PSYoungGen      total 134144K, used 9199K [0x00000000d5580000, 0x00000000de180000, 0x0000000100000000)
  eden space 124928K, 0% used [0x00000000d5580000,0x00000000d5580000,0x00000000dcf80000)
  from space 9216K, 99% used [0x00000000dcf80000,0x00000000dd87bcc8,0x00000000dd880000)
  to   space 8704K, 0% used [0x00000000dd900000,0x00000000dd900000,0x00000000de180000)
 ParOldGen       total 48640K, used 20927K [0x0000000080000000, 0x0000000082f80000, 0x00000000d5580000)
  object space 48640K, 43% used [0x0000000080000000,0x000000008146ff78,0x0000000082f80000)
 Metaspace       used 45051K, capacity 46532K, committed 46640K, reserved 1089536K
  class space    used 6087K, capacity 6444K, committed 6448K, reserved 1048576K
}

