Heap:
 PSYoungGen      total 103424K, used 20540K [0x00000000d5580000, 0x00000000dda00000, 0x0000000100000000)
  eden space 94720K, 14% used [0x00000000d5580000,0x00000000d631cb98,0x00000000db200000)
  from space 8704K, 75% used [0x00000000db200000,0x00000000db872788,0x00000000dba80000)
  to   space 9216K, 0% used [0x00000000dd100000,0x00000000dd100000,0x00000000dda00000)
 ParOldGen       total 33280K, used 13094K [0x0000000080000000, 0x0000000082080000, 0x00000000d5580000)
  object space 33280K, 39% used [0x0000000080000000,0x0000000080cc9990,0x0000000082080000)
 Metaspace       used 33596K, capacity 34400K, committed 34608K, reserved 1079296K
  class space    used 4608K, capacity 4839K, committed 4912K, reserved 1048576K
GC Heap History (10 events):
Event: 8.851 GC heap before
{Heap before GC invocations=8 (full 0):
 PSYoungGen      total 35840K, used 35718K [0x00000000d5580000, 0x00000000d9c80000, 0x0000000100000000)
  eden space 30720K, 100% used [0x00000000d5580000,0x00000000d7380000,0x00000000d7380000)
  from space 5120K, 97% used [0x00000000d7380000,0x00000000d7861b60,0x00000000d7880000)
  to   space 5632K, 0% used [0x00000000d9700000,0x00000000d9700000,0x00000000d9c80000)
 ParOldGen       total 42496K, used 4526K [0x0000000080000000, 0x0000000082980000, 0x00000000d5580000)
  object space 42496K, 10% used [0x0000000080000000,0x000000008046ba60,0x0000000082980000)
 Metaspace       used 17012K, capacity 17532K, committed 17920K, reserved 1064960K
  class space    used 2311K, capacity 2494K, committed 2560K, reserved 1048576K
Event: 8.867 GC heap after
Heap after GC invocations=8 (full 0):
 PSYoungGen      total 66048K, used 5601K [0x00000000d5580000, 0x00000000d9e80000, 0x0000000100000000)
  eden space 60416K, 0% used [0x00000000d5580000,0x00000000d5580000,0x00000000d9080000)
  from space 5632K, 99% used [0x00000000d9700000,0x00000000d9c78450,0x00000000d9c80000)
  to   space 6656K, 0% used [0x00000000d9080000,0x00000000d9080000,0x00000000d9700000)
 ParOldGen       total 42496K, used 5016K [0x0000000080000000, 0x0000000082980000, 0x00000000d5580000)
  object space 42496K, 11% used [0x0000000080000000,0x00000000804e6288,0x0000000082980000)
 Metaspace       used 17012K, capacity 17532K, committed 17920K, reserved 1064960K
  class space    used 2311K, capacity 2494K, committed 2560K, reserved 1048576K
}
Event: 10.932 GC heap before
{Heap before GC invocations=9 (full 0):
 PSYoungGen      total 66048K, used 50885K [0x00000000d5580000, 0x00000000d9e80000, 0x0000000100000000)
  eden space 60416K, 74% used [0x00000000d5580000,0x00000000d81b90e8,0x00000000d9080000)
  from space 5632K, 99% used [0x00000000d9700000,0x00000000d9c78450,0x00000000d9c80000)
  to   space 6656K, 0% used [0x00000000d9080000,0x00000000d9080000,0x00000000d9700000)
 ParOldGen       total 42496K, used 5016K [0x0000000080000000, 0x0000000082980000, 0x00000000d5580000)
  object space 42496K, 11% used [0x0000000080000000,0x00000000804e6288,0x0000000082980000)
 Metaspace       used 20641K, capacity 21228K, committed 21296K, reserved 1067008K
  class space    used 2886K, capacity 3084K, committed 3120K, reserved 1048576K
Event: 11.125 GC heap after
Heap after GC invocations=9 (full 0):
 PSYoungGen      total 67072K, used 6619K [0x00000000d5580000, 0x00000000dc300000, 0x0000000100000000)
  eden space 60416K, 0% used [0x00000000d5580000,0x00000000d5580000,0x00000000d9080000)
  from space 6656K, 99% used [0x00000000d9080000,0x00000000d96f6e00,0x00000000d9700000)
  to   space 7680K, 0% used [0x00000000dbb80000,0x00000000dbb80000,0x00000000dc300000)
 ParOldGen       total 42496K, used 6244K [0x0000000080000000, 0x0000000082980000, 0x00000000d5580000)
  object space 42496K, 14% used [0x0000000080000000,0x00000000806192b8,0x0000000082980000)
 Metaspace       used 20641K, capacity 21228K, committed 21296K, reserved 1067008K
  class space    used 2886K, capacity 3084K, committed 3120K, reserved 1048576K
}
Event: 11.125 GC heap before
{Heap before GC invocations=10 (full 1):
 PSYoungGen      total 67072K, used 6619K [0x00000000d5580000, 0x00000000dc300000, 0x0000000100000000)
  eden space 60416K, 0% used [0x00000000d5580000,0x00000000d5580000,0x00000000d9080000)
  from space 6656K, 99% used [0x00000000d9080000,0x00000000d96f6e00,0x00000000d9700000)
  to   space 7680K, 0% used [0x00000000dbb80000,0x00000000dbb80000,0x00000000dc300000)
 ParOldGen       total 42496K, used 6244K [0x0000000080000000, 0x0000000082980000, 0x00000000d5580000)
  object space 42496K, 14% used [0x0000000080000000,0x00000000806192b8,0x0000000082980000)
 Metaspace       used 20641K, capacity 21228K, committed 21296K, reserved 1067008K
  class space    used 2886K, capacity 3084K, committed 3120K, reserved 1048576K
Event: 11.293 GC heap after
Heap after GC invocations=10 (full 1):
 PSYoungGen      total 67072K, used 0K [0x00000000d5580000, 0x00000000dc300000, 0x0000000100000000)
  eden space 60416K, 0% used [0x00000000d5580000,0x00000000d5580000,0x00000000d9080000)
  from space 6656K, 0% used [0x00000000d9080000,0x00000000d9080000,0x00000000d9700000)
  to   space 7680K, 0% used [0x00000000dbb80000,0x00000000dbb80000,0x00000000dc300000)
 ParOldGen       total 33280K, used 9956K [0x0000000080000000, 0x0000000082080000, 0x00000000d5580000)
  object space 33280K, 29% used [0x0000000080000000,0x00000000809b91f8,0x0000000082080000)
 Metaspace       used 20641K, capacity 21228K, committed 21296K, reserved 1067008K
  class space    used 2886K, capacity 3084K, committed 3120K, reserved 1048576K
}
Event: 17.337 GC heap before
{Heap before GC invocations=11 (full 1):
 PSYoungGen      total 67072K, used 60416K [0x00000000d5580000, 0x00000000dc300000, 0x0000000100000000)
  eden space 60416K, 100% used [0x00000000d5580000,0x00000000d9080000,0x00000000d9080000)
  from space 6656K, 0% used [0x00000000d9080000,0x00000000d9080000,0x00000000d9700000)
  to   space 7680K, 0% used [0x00000000dbb80000,0x00000000dbb80000,0x00000000dc300000)
 ParOldGen       total 33280K, used 9956K [0x0000000080000000, 0x0000000082080000, 0x00000000d5580000)
  object space 33280K, 29% used [0x0000000080000000,0x00000000809b91f8,0x0000000082080000)
 Metaspace       used 28217K, capacity 28916K, committed 29232K, reserved 1075200K
  class space    used 3889K, capacity 4127K, committed 4144K, reserved 1048576K
Event: 17.376 GC heap after
Heap after GC invocations=11 (full 1):
 PSYoungGen      total 91136K, used 7678K [0x00000000d5580000, 0x00000000dc300000, 0x0000000100000000)
  eden space 83456K, 0% used [0x00000000d5580000,0x00000000d5580000,0x00000000da700000)
  from space 7680K, 99% used [0x00000000dbb80000,0x00000000dc2ffb28,0x00000000dc300000)
  to   space 8704K, 0% used [0x00000000db200000,0x00000000db200000,0x00000000dba80000)
 ParOldGen       total 33280K, used 10098K [0x0000000080000000, 0x0000000082080000, 0x00000000d5580000)
  object space 33280K, 30% used [0x0000000080000000,0x00000000809dc9b0,0x0000000082080000)
 Metaspace       used 28217K, capacity 28916K, committed 29232K, reserved 1075200K
  class space    used 3889K, capacity 4127K, committed 4144K, reserved 1048576K
}
Event: 34.456 GC heap before
{Heap before GC invocations=12 (full 1):
 PSYoungGen      total 91136K, used 91134K [0x00000000d5580000, 0x00000000dc300000, 0x0000000100000000)
  eden space 83456K, 100% used [0x00000000d5580000,0x00000000da700000,0x00000000da700000)
  from space 7680K, 99% used [0x00000000dbb80000,0x00000000dc2ffb28,0x00000000dc300000)
  to   space 8704K, 0% used [0x00000000db200000,0x00000000db200000,0x00000000dba80000)
 ParOldGen       total 33280K, used 10098K [0x0000000080000000, 0x0000000082080000, 0x00000000d5580000)
  object space 33280K, 30% used [0x0000000080000000,0x00000000809dc9b0,0x0000000082080000)
 Metaspace       used 33067K, capacity 33868K, committed 33968K, reserved 1079296K
  class space    used 4521K, capacity 4771K, committed 4784K, reserved 1048576K
Event: 35.284 GC heap after
Heap after GC invocations=12 (full 1):
 PSYoungGen      total 103424K, used 6601K [0x00000000d5580000, 0x00000000dda00000, 0x0000000100000000)
  eden space 94720K, 0% used [0x00000000d5580000,0x00000000d5580000,0x00000000db200000)
  from space 8704K, 75% used [0x00000000db200000,0x00000000db872788,0x00000000dba80000)
  to   space 9216K, 0% used [0x00000000dd100000,0x00000000dd100000,0x00000000dda00000)
 ParOldGen       total 33280K, used 13094K [0x0000000080000000, 0x0000000082080000, 0x00000000d5580000)
  object space 33280K, 39% used [0x0000000080000000,0x0000000080cc9990,0x0000000082080000)
 Metaspace       used 33067K, capacity 33868K, committed 33968K, reserved 1079296K
  class space    used 4521K, capacity 4771K, committed 4784K, reserved 1048576K
}

